Traceback (most recent call last):
  File "/home/claire/.local/lib/python3.8/site-packages/jupyter_cache/executors/utils.py", line 51, in single_nb_execution
    executenb(
  File "/home/claire/.local/lib/python3.8/site-packages/nbclient/client.py", line 1263, in execute
    return NotebookClient(nb=nb, resources=resources, km=km, **kwargs).execute()
  File "/home/claire/.local/lib/python3.8/site-packages/nbclient/util.py", line 85, in wrapped
    return just_run(coro(*args, **kwargs))
  File "/home/claire/.local/lib/python3.8/site-packages/nbclient/util.py", line 60, in just_run
    return loop.run_until_complete(coro)
  File "/usr/lib64/python3.8/asyncio/base_events.py", line 616, in run_until_complete
    return future.result()
  File "/home/claire/.local/lib/python3.8/site-packages/nbclient/client.py", line 701, in async_execute
    await self.async_execute_cell(
  File "/home/claire/.local/lib/python3.8/site-packages/nbclient/client.py", line 1019, in async_execute_cell
    await self._check_raise_for_error(cell, cell_index, exec_reply)
  File "/home/claire/.local/lib/python3.8/site-packages/nbclient/client.py", line 913, in _check_raise_for_error
    raise CellExecutionError.from_cell_and_msg(cell, exec_reply_content)
nbclient.exceptions.CellExecutionError: An error occurred while executing the following cell:
------------------
from graphviz import Source
from sklearn.tree import export_graphviz

out_f = "lec04_BDTs_viz_tree.dot"

export_graphviz(
    tree_clf,
    out_file = os.path.join(IMAGES_PATH, out_f),
    feature_names = ['x1', 'x2'],
    class_names = ['A', 'B', 'C'],
    rounded = True,
    filled = False
)

Source.from_file(os.path.join(IMAGES_PATH, out_f))
------------------

[0;31m---------------------------------------------------------------------------[0m
[0;31mModuleNotFoundError[0m                       Traceback (most recent call last)
Cell [0;32mIn [13], line 1[0m
[0;32m----> 1[0m [38;5;28;01mfrom[39;00m [38;5;21;01mgraphviz[39;00m [38;5;28;01mimport[39;00m Source
[1;32m      2[0m [38;5;28;01mfrom[39;00m [38;5;21;01msklearn[39;00m[38;5;21;01m.[39;00m[38;5;21;01mtree[39;00m [38;5;28;01mimport[39;00m export_graphviz
[1;32m      4[0m out_f [38;5;241m=[39m [38;5;124m"[39m[38;5;124mlec04_BDTs_viz_tree.dot[39m[38;5;124m"[39m

[0;31mModuleNotFoundError[0m: No module named 'graphviz'
ModuleNotFoundError: No module named 'graphviz'

